[2023-09-13 20:01:04,264] 25 root - INFO - Data Ingestion Methods Start
[2023-09-13 20:01:04,287] 33 root - INFO - Dataset Read as Pandas Dataframe
[2023-09-13 20:01:04,319] 42 root - INFO - Train Test Split
[2023-09-13 20:01:04,342] 52 root - INFO - Data Ingestion is Completed
[2023-09-13 20:01:04,394] 96 root - INFO - Read Train and Test Data Completed
[2023-09-13 20:01:04,414] 98 root - INFO - Train Dataframe Head:
   Gender        Age    Height      Weight family_history_with_overweight FAVC      FCVC       NCP        CAEC SMOKE      CH2O SCC       FAF       TUE       CALC                 MTRANS           NObeyesdad
0  Female  21.000000  1.630000   60.000000                            yes  yes  3.000000  3.000000      Always   yes  2.000000  no  2.000000  0.000000  Sometimes  Public_Transportation        Normal_Weight
1  Female  20.924956  1.752531  133.618706                            yes  yes  3.000000  3.000000   Sometimes    no  2.887659  no  1.480919  0.779641  Sometimes  Public_Transportation     Obesity_Type_III
2  Female  22.899740  1.661715   82.595793                            yes  yes  1.203754  1.355354   Sometimes    no  2.765593  no  0.128342  1.659476  Sometimes  Public_Transportation       Obesity_Type_I
3  Female  21.837996  1.588046   44.236067                             no   no  3.000000  1.696080  Frequently    no  2.550307  no  1.098862  0.000000         no  Public_Transportation  Insufficient_Weight
4    Male  25.994746  1.811602  106.042142                            yes  yes  3.000000  3.000000   Sometimes    no  2.858171  no  1.813318  0.680215  Sometimes  Public_Transportation       Obesity_Type_I
[2023-09-13 20:01:04,438] 100 root - INFO - Test Dataframe Head:
   Gender        Age    Height      Weight family_history_with_overweight FAVC  FCVC       NCP        CAEC SMOKE      CH2O  SCC       FAF       TUE       CALC                 MTRANS           NObeyesdad
0  Female  20.406871  1.755978   53.699561                            yes  yes   2.0  3.891994  Frequently    no  1.863930   no  2.870127  2.000000         no  Public_Transportation  Insufficient_Weight
1  Female  26.000000  1.624950  111.004920                            yes  yes   3.0  3.000000   Sometimes    no  2.704315   no  0.000000  0.322666  Sometimes  Public_Transportation     Obesity_Type_III
2    Male  18.000000  1.850000   60.000000                            yes  yes   3.0  4.000000   Sometimes    no  2.000000  yes  2.000000  0.000000  Sometimes             Automobile  Insufficient_Weight
3  Female  21.000000  1.520000   42.000000                             no  yes   3.0  1.000000  Frequently    no  1.000000   no  0.000000  0.000000  Sometimes  Public_Transportation  Insufficient_Weight
4    Male  22.000000  1.750000   74.000000                            yes   no   2.0  3.000000   Sometimes    no  2.000000   no  1.000000  2.000000  Sometimes                   Bike        Normal_Weight
[2023-09-13 20:01:04,457] 102 root - INFO - Train Dataframe Tail:
      Gender        Age    Height      Weight family_history_with_overweight FAVC      FCVC       NCP       CAEC SMOKE      CH2O SCC       FAF       TUE       CALC                 MTRANS           NObeyesdad
1683    Male  32.290160  1.754956  120.098812                            yes  yes  2.967300  3.000000  Sometimes    no  2.530035  no  0.955317  1.339232  Sometimes             Automobile      Obesity_Type_II
1684    Male  23.000000  1.718981   81.669950                            yes  yes  2.000000  1.729553  Sometimes    no  1.400247  no  0.887923  1.011983  Sometimes  Public_Transportation  Overweight_Level_II
1685  Female  22.989846  1.650000   80.000000                            yes  yes  2.000000  3.000000  Sometimes    no  2.000000  no  0.146919  2.000000         no  Public_Transportation  Overweight_Level_II
1686  Female  23.000000  1.628168   84.497980                            yes  yes  2.058687  2.962004  Sometimes    no  2.010596  no  0.851059  0.630866         no  Public_Transportation       Obesity_Type_I
1687    Male  20.000000  1.817480   85.000000                            yes  yes  2.951180  3.000000  Sometimes    no  3.000000  no  2.433918  0.561602  Sometimes  Public_Transportation   Overweight_Level_I
[2023-09-13 20:01:04,495] 104 root - INFO - Test Dataframe Tail:
    Gender        Age    Height      Weight family_history_with_overweight FAVC      FCVC       NCP       CAEC SMOKE      CH2O SCC       FAF       TUE       CALC                 MTRANS           NObeyesdad
418   Male  19.000000  1.800000   87.000000                            yes  yes  2.000000  4.000000  Sometimes    no  2.000000  no  2.000000  1.000000  Sometimes  Public_Transportation   Overweight_Level_I
419   Male  30.715160  1.650189  101.141277                            yes  yes  2.913452  2.269799  Sometimes    no  1.000000  no  1.889937  0.378818         no  Public_Transportation      Obesity_Type_II
420   Male  19.000000  1.850000   65.000000                            yes   no  2.000000  3.000000  Sometimes    no  3.000000  no  2.000000  1.000000  Sometimes                   Bike        Normal_Weight
421   Male  28.986237  1.758618  113.501549                            yes  yes  2.320201  3.000000  Sometimes    no  2.164784  no  0.000000  1.465479  Sometimes             Automobile      Obesity_Type_II
422   Male  18.884850  1.699667   79.677930                            yes   no  2.735297  2.157164  Sometimes    no  1.087166  no  0.110174  0.003695         no  Public_Transportation  Overweight_Level_II
[2023-09-13 20:01:04,495] 106 root - INFO - Obtaining Preprocessing Object
[2023-09-13 20:01:04,495] 31 root - INFO - Data Transformation Initiated
[2023-09-13 20:01:04,495] 50 root - INFO - Pipeline Initiated
[2023-09-13 20:01:04,495] 78 root - INFO - Pipeline Completed
[2023-09-13 20:01:04,522] 118 root - INFO - Input_Feature_Train_df :
    Gender        Age    Height      Weight family_history_with_overweight FAVC      FCVC       NCP        CAEC SMOKE      CH2O SCC       FAF       TUE       CALC                 MTRANS
0  Female  21.000000  1.630000   60.000000                            yes  yes  3.000000  3.000000      Always   yes  2.000000  no  2.000000  0.000000  Sometimes  Public_Transportation
1  Female  20.924956  1.752531  133.618706                            yes  yes  3.000000  3.000000   Sometimes    no  2.887659  no  1.480919  0.779641  Sometimes  Public_Transportation
2  Female  22.899740  1.661715   82.595793                            yes  yes  1.203754  1.355354   Sometimes    no  2.765593  no  0.128342  1.659476  Sometimes  Public_Transportation
3  Female  21.837996  1.588046   44.236067                             no   no  3.000000  1.696080  Frequently    no  2.550307  no  1.098862  0.000000         no  Public_Transportation
4    Male  25.994746  1.811602  106.042142                            yes  yes  3.000000  3.000000   Sometimes    no  2.858171  no  1.813318  0.680215  Sometimes  Public_Transportation
[2023-09-13 20:01:04,522] 120 root - INFO - Target_Feature_Train_df :
 0          Normal_Weight
1       Obesity_Type_III
2         Obesity_Type_I
3    Insufficient_Weight
4         Obesity_Type_I
[2023-09-13 20:01:04,557] 122 root - INFO - Input_Feature_Test_df :
    Gender        Age    Height      Weight family_history_with_overweight FAVC  FCVC       NCP        CAEC SMOKE      CH2O  SCC       FAF       TUE       CALC                 MTRANS
0  Female  20.406871  1.755978   53.699561                            yes  yes   2.0  3.891994  Frequently    no  1.863930   no  2.870127  2.000000         no  Public_Transportation
1  Female  26.000000  1.624950  111.004920                            yes  yes   3.0  3.000000   Sometimes    no  2.704315   no  0.000000  0.322666  Sometimes  Public_Transportation
2    Male  18.000000  1.850000   60.000000                            yes  yes   3.0  4.000000   Sometimes    no  2.000000  yes  2.000000  0.000000  Sometimes             Automobile
3  Female  21.000000  1.520000   42.000000                             no  yes   3.0  1.000000  Frequently    no  1.000000   no  0.000000  0.000000  Sometimes  Public_Transportation
4    Male  22.000000  1.750000   74.000000                            yes   no   2.0  3.000000   Sometimes    no  2.000000   no  1.000000  2.000000  Sometimes                   Bike
[2023-09-13 20:01:04,558] 124 root - INFO - Target_Feature_Test_df :
 0    Insufficient_Weight
1       Obesity_Type_III
2    Insufficient_Weight
3    Insufficient_Weight
4          Normal_Weight
[2023-09-13 20:01:04,620] 131 root - INFO - Input_Feature_Train_Arr :
 [[-0.53264595 -0.76802941 -1.01941304 ... -0.21412338  0.70424718
  -0.58138105]
 [-0.54423543  0.54607823  1.80212669 ... -0.21412338  0.70424718
  -0.58138105]
 [-0.23925802 -0.4278957  -0.15339772 ... -0.21412338  0.70424718
  -0.58138105]
 ...
 [-0.22534243 -0.55353551 -0.25288511 ... -0.21412338 -1.28366125
  -0.58138105]
 [-0.22377429 -0.78767706 -0.08049374 ... -0.21412338 -1.28366125
  -0.58138105]
 [-0.68708178  1.24263647 -0.06125313 ... -0.21412338  0.70424718
  -0.58138105]]
[2023-09-13 20:01:04,621] 133 root - INFO - Input_Feature_Test_Arr :
[[-0.62424632  0.58304626 -1.26088617 ... -0.21412338 -1.28366125
  -0.58138105]
 [ 0.2395332  -0.82218912  0.93542175 ... -0.21412338  0.70424718
  -0.58138105]
 [-0.99595344  1.59140357 -1.01941304 ...  4.67020458  0.70424718
   1.62725634]
 ...
 [-0.84151761  1.59140357 -0.82778106 ... -0.21412338  0.70424718
   0.89104387]
 [ 0.70071519  0.61135945  1.03110855 ... -0.21412338  0.70424718
   1.62725634]
 [-0.8593009  -0.02087206 -0.26522889 ... -0.21412338 -1.28366125
  -0.58138105]]
[2023-09-13 20:01:04,621] 135 root - INFO - Applying Preprocessing Object on Training & Testing Dataset
[2023-09-13 20:01:04,621] 140 root - INFO - Train_arr : 
[[-0.5326459491326346 -0.7680294132270089 -1.0194130446679865 ...
  0.704247183670462 -0.5813810497832572 'Normal_Weight']
 [-0.5442354315865147 0.5460782339624398 1.8021266865438852 ...
  0.704247183670462 -0.5813810497832572 'Obesity_Type_III']
 [-0.23925802475580793 -0.42789569987599146 -0.15339771824077267 ...
  0.704247183670462 -0.5813810497832572 'Obesity_Type_I']
 ...
 [-0.22534242982497638 -0.5535355060215755 -0.25288511052802176 ...
  -1.2836612545163941 -0.5813810497832572 'Overweight_Level_II']
 [-0.22377428840345434 -0.7876770551270248 -0.08049374466787788 ...
  -1.2836612545163941 -0.5813810497832572 'Obesity_Type_I']
 [-0.6870817794972248 1.2426364729167232 -0.061253126993030566 ...
  0.704247183670462 -0.5813810497832572 'Overweight_Level_I']]
[2023-09-13 20:01:04,621] 142 root - INFO - Test arr :
 [[-0.6242463187609538 0.5830462588692961 -1.2608861692102298 ...
  -1.2836612545163941 -0.5813810497832572 'Insufficient_Weight']
 [0.23953320269031617 -0.8221891247963808 0.9354217532607221 ...
  0.704247183670462 -0.5813810497832572 'Obesity_Type_III']
 [-0.9959534402264052 1.5914035660327588 -1.0194130446679865 ...
  0.704247183670462 1.6272563366401598 'Insufficient_Weight']
 ...
 [-0.841517609861815 1.5914035660327588 -0.8277810611329953 ...
  0.704247183670462 0.8910438744990207 'Normal_Weight']
 [0.7007151934507787 0.611359454620413 1.0311085467449184 ...
  0.704247183670462 1.6272563366401598 'Obesity_Type_II']
 [-0.8593008957282975 -0.020872061562961505 -0.26522889311544456 ...
  -1.2836612545163941 -0.5813810497832572 'Overweight_Level_II']]
[2023-09-13 20:01:04,621] 149 root - INFO - Preprocessor Pickle File Saved
[2023-09-13 20:01:04,621] 28 root - INFO - Splitting Dependent & Independent Variables From Dataset
[2023-09-13 20:01:05,547] 48 root - INFO - Model Report : {'LogisticRegression': 90, 'DecisionTreeClassifier': 95, 'RandomForestClassifier': 95, 'SupportVectorClassifier': 90}
[2023-09-13 20:01:05,547] 63 root - INFO - Best Model Found, Model Name : DecisionTreeClassifier
